-bitshiftleft-
0 abcdefghijklmnopqrstuvwxyzABCDEFGHIJKLMNOPQRSTUVWXYZ1234567890 !@#$%^&*(),./;'[]\-=`<>?:"{}|_+~
1 ÂÄÆÈÊÌÎÐÒÔÖØÚÜÞàâäæèêìîðòô............... ¢¤¦¨ª¬®°²´bdfhjlnpr`@B.FHJ¼LTPRX\^vN¶º¸ZzÀx|~tDöúø¾Vü
2 ....... ¤¨¬°´¸¼ÀÄÈÌÐÔØÜàäè....... $(,048<@DHLPTX\`dhÄÈÌÐÔØÜàäÀ......x.¨ ¤°¸¼ì.ltp´ô.ðøüè.ìôð|¬ø
3 ... (08@HPX`hpx.... ¨°¸ÀÈÐ... (08@HPX`hpx.... ¨°¸ÀÈÐ... ¨°¸ÀÈ..... (ð0P@H`pxØ8Øèàhè.àðøÐ.ØèàøXð
4 . 0@P`p.. °ÀÐàð.. 0@P`p.. . 0@P`p.. °ÀÐàð.. 0@P`p.. . 0@P`p......0@Pà` ..Ààð°p°ÐÀÐÐ.Ààð  °ÐÀð°à
5  @`. Àà. @`. Àà. @`. Àà. @ @`. Àà. @`. Àà. @`. Àà. @ @`. Àà. .. .`. ÀÀ@. .Àà`à` .  ..Àà@@` .à`À
6 @.À.@.À.@.À.@.À.@.À.@.À.@.@.À.@.À.@.À.@.À.@.À.@.À.@.@.À.@.À.@..@.À.@....@..ÀÀÀÀ@.@@...À..À@.ÀÀ.
7 ...............................................................................................
-or-ROLRotateWithLineBreaks
0 abcdefghijklmnopqrstuvwxyzABCDEFGHIJKLMNOPQRSTUVWXYZ1234567890 !@#$%^&*(),./;'[]\-=`<>?:"{}|_+~

1 ÂÄÆÈÊÌÎÐÒÔÖØÚÜÞàâäæèêìîðòô............... ¢¤¦¨ª¬®°²´bdfhjlnpr`@B.FHJ¼LTPRX\^vN¶º¸ZzÀx|~tDöúø¾Vü

2 .......¡¥©.±µ¹½ÁÅÉÍÑÕÙÝáåé.	
....!%)-159=AEIMQUY]aeiÄÈÌÐÔØÜàäÀ......y.¨ ¤°¸¼ì.muq´ô.ðøüè.íõñ}¬ù

3 ...#+3;CKS[cks{....£«³»ÃËÓ
.."*2:BJRZbjrz....¢ª²ºÂÊÒ...¡©±¹ÁÉ..	..!)ò1QAIaqyÙ9Úêâié.áñùÑ.ÛëãúYó

4 .&6FVfv..¦¶ÆÖæö..'7GWgw..§.$4DTdt..¤´ÄÔäô..%5EUeu..¥.#3CScs......2BRåb¢..Ââò³rµÕÅÒÓ.Ããó£"·×Çõ²ç

5 ,Ll.¬Ìì
-Mm..Íí..Nn.®Îî./O(Hh.¨Èè	)Ii.©Éé
*Jj.ªÊê.+K&Ff.¦Ææ.'..$.d.¤ËÄE.%.Åågäk«.¥§..ÇçGDo¯.ëeÏ

6 X.Ø.Y.Ù.Z.Ú.[.Û.\.Ü.].Ý.^.P.Ð.Q.Ñ.R.Ò.S.Ó.T.Ô.U.Õ.V.L.Ì
M.Í.N..H.È	I...
J..ËÎÉÖW.KO...Ï..Þ_.×Ê.

7 °1±2²3³4´5µ6¶7·8¸9¹:º;»<¼= !¡"¢#£$¤%¥&¦'§(¨)©*ª+«,¬-............ .../..........®...0.....½¾>¯.?
-or-RotateNoLineBreaks
0 abcdefghijklmnopqrstuvwxyzABCDEFGHIJKLMNOPQRSTUVWXYZ1234567890 !@#$%^&*(),./;'[]\-=`<>?:"{}|_+~
1 ÂÄÆÈÊÌÎÐÒÔÖØÚÜÞàâäæèêìîðòô............... ¢¤¦¨ª¬®°²´bdfhjlnpr`@B.FHJ¼LTPRX\^vN¶º¸ZzÀx|~tDöúø¾Vü
2 .......¡¥©.±µ¹½ÁÅÉÍÑÕÙÝáåé.	....!%)-159=AEIMQUY]aeiÄÈÌÐÔØÜàäÀ......y.¨ ¤°¸¼ì.muq´ô.ðøüè.íõñ}¬ù
3 ...#+3;CKS[cks{....£«³»ÃËÓ.."*2:BJRZbjrz....¢ª²ºÂÊÒ...¡©±¹ÁÉ..	..!)ò1QAIaqyÙ9Úêâié.áñùÑ.ÛëãúYó
4 .&6FVfv..¦¶ÆÖæö..'7GWgw..§.$4DTdt..¤´ÄÔäô..%5EUeu..¥.#3CScs......2BRåb¢..Ââò³rµÕÅÒÓ.Ããó£"·×Çõ²ç
5 ,Ll.¬Ìì-Mm..Íí..Nn.®Îî./O(Hh.¨Èè	)Ii.©Éé*Jj.ªÊê.+K&Ff.¦Ææ.'..$.d.¤ËÄE.%.Åågäk«.¥§..ÇçGDo¯.ëeÏ
6 X.Ø.Y.Ù.Z.Ú.[.Û.\.Ü.].Ý.^.P.Ð.Q.Ñ.R.Ò.S.Ó.T.Ô.U.Õ.V.L.ÌM.Í.N..H.È	I...J..ËÎÉÖW.KO...Ï..Þ_.×Ê.
7 °1±2²3³4´5µ6¶7·8¸9¹:º;»<¼= !¡"¢#£$¤%¥&¦'§(¨)©*ª+«,¬-............ .../..........®...0.....½¾>¯.?
